{"/Users/leonardo/Desktop/Projetos/test-app/src/assets/images/icon_success.png": {"path":"/Users/leonardo/Desktop/Projetos/test-app/src/assets/images/icon_success.png","statementMap":{"0":{"start":{"line":1,"column":0},"end":{"line":4,"column":6}}},"fnMap":{},"branchMap":{},"s":{"0":1},"f":{},"b":{},"_coverageSchema":"43e27e138ebf9cfc5966b082cf9a028302ed4184","hash":"7b7ab5585ad6f3ee718085718e0704bba0a15adf"}
,"/Users/leonardo/Desktop/Projetos/test-app/src/components/buttom/index.js": {"path":"/Users/leonardo/Desktop/Projetos/test-app/src/components/buttom/index.js","statementMap":{"0":{"start":{"line":4,"column":22},"end":{"line":16,"column":1}},"1":{"start":{"line":5,"column":1},"end":{"line":15,"column":19}}},"fnMap":{"0":{"name":"(anonymous_0)","decl":{"start":{"line":4,"column":22},"end":{"line":4,"column":23}},"loc":{"start":{"line":5,"column":1},"end":{"line":15,"column":19}},"line":5}},"branchMap":{},"s":{"0":2,"1":1},"f":{"0":1},"b":{},"_coverageSchema":"43e27e138ebf9cfc5966b082cf9a028302ed4184","hash":"c3d38447bbc3aef6f9b551280954abfdd0d3609e"}
,"/Users/leonardo/Desktop/Projetos/test-app/src/components/buttom/style.js": {"path":"/Users/leonardo/Desktop/Projetos/test-app/src/components/buttom/style.js","statementMap":{"0":{"start":{"line":4,"column":31},"end":{"line":12,"column":1}},"1":{"start":{"line":6,"column":25},"end":{"line":6,"column":73}},"2":{"start":{"line":9,"column":21},"end":{"line":9,"column":56}},"3":{"start":{"line":10,"column":27},"end":{"line":10,"column":75}},"4":{"start":{"line":14,"column":26},"end":{"line":21,"column":1}},"5":{"start":{"line":20,"column":20},"end":{"line":20,"column":67}}},"fnMap":{"0":{"name":"(anonymous_0)","decl":{"start":{"line":6,"column":15},"end":{"line":6,"column":16}},"loc":{"start":{"line":6,"column":25},"end":{"line":6,"column":73}},"line":6},"1":{"name":"(anonymous_1)","decl":{"start":{"line":9,"column":11},"end":{"line":9,"column":12}},"loc":{"start":{"line":9,"column":21},"end":{"line":9,"column":56}},"line":9},"2":{"name":"(anonymous_2)","decl":{"start":{"line":10,"column":17},"end":{"line":10,"column":18}},"loc":{"start":{"line":10,"column":27},"end":{"line":10,"column":75}},"line":10},"3":{"name":"(anonymous_3)","decl":{"start":{"line":20,"column":10},"end":{"line":20,"column":11}},"loc":{"start":{"line":20,"column":20},"end":{"line":20,"column":67}},"line":20}},"branchMap":{"0":{"loc":{"start":{"line":6,"column":25},"end":{"line":6,"column":73}},"type":"cond-expr","locations":[{"start":{"line":6,"column":41},"end":{"line":6,"column":54}},{"start":{"line":6,"column":57},"end":{"line":6,"column":73}}],"line":6},"1":{"loc":{"start":{"line":9,"column":21},"end":{"line":9,"column":56}},"type":"cond-expr","locations":[{"start":{"line":9,"column":36},"end":{"line":9,"column":48}},{"start":{"line":9,"column":51},"end":{"line":9,"column":56}}],"line":9},"2":{"loc":{"start":{"line":10,"column":27},"end":{"line":10,"column":75}},"type":"cond-expr","locations":[{"start":{"line":10,"column":43},"end":{"line":10,"column":59}},{"start":{"line":10,"column":62},"end":{"line":10,"column":75}}],"line":10},"3":{"loc":{"start":{"line":20,"column":20},"end":{"line":20,"column":67}},"type":"cond-expr","locations":[{"start":{"line":20,"column":36},"end":{"line":20,"column":52}},{"start":{"line":20,"column":55},"end":{"line":20,"column":67}}],"line":20}},"s":{"0":2,"1":1,"2":1,"3":1,"4":2,"5":1},"f":{"0":1,"1":1,"2":1,"3":1},"b":{"0":[0,1],"1":[0,1],"2":[0,1],"3":[0,1]},"_coverageSchema":"43e27e138ebf9cfc5966b082cf9a028302ed4184","hash":"f3590bb9f022cb871cef186ff6ec088a2784909f"}
,"/Users/leonardo/Desktop/Projetos/test-app/src/components/header/index.js": {"path":"/Users/leonardo/Desktop/Projetos/test-app/src/components/header/index.js","statementMap":{"0":{"start":{"line":5,"column":15},"end":{"line":18,"column":1}},"1":{"start":{"line":6,"column":1},"end":{"line":17,"column":19}}},"fnMap":{"0":{"name":"(anonymous_0)","decl":{"start":{"line":5,"column":15},"end":{"line":5,"column":16}},"loc":{"start":{"line":6,"column":1},"end":{"line":17,"column":19}},"line":6}},"branchMap":{"0":{"loc":{"start":{"line":8,"column":3},"end":{"line":16,"column":3}},"type":"binary-expr","locations":[{"start":{"line":8,"column":3},"end":{"line":8,"column":8}},{"start":{"line":9,"column":3},"end":{"line":15,"column":14}}],"line":8}},"s":{"0":1,"1":1},"f":{"0":1},"b":{"0":[1,0]},"_coverageSchema":"43e27e138ebf9cfc5966b082cf9a028302ed4184","hash":"9595118cb88262b23b8c7144aa49a020e4238eed"}
,"/Users/leonardo/Desktop/Projetos/test-app/src/components/header/style.js": {"path":"/Users/leonardo/Desktop/Projetos/test-app/src/components/header/style.js","statementMap":{"0":{"start":{"line":3,"column":31},"end":{"line":8,"column":1}},"1":{"start":{"line":10,"column":26},"end":{"line":17,"column":1}},"2":{"start":{"line":19,"column":24},"end":{"line":23,"column":1}}},"fnMap":{},"branchMap":{},"s":{"0":1,"1":1,"2":1},"f":{},"b":{},"_coverageSchema":"43e27e138ebf9cfc5966b082cf9a028302ed4184","hash":"c40f7c4b67ff25540c85f4dffdbc14adfd08ea1c"}
,"/Users/leonardo/Desktop/Projetos/test-app/src/components/modais/modalConfirmPurchase.js": {"path":"/Users/leonardo/Desktop/Projetos/test-app/src/components/modais/modalConfirmPurchase.js","statementMap":{"0":{"start":{"line":6,"column":29},"end":{"line":23,"column":1}},"1":{"start":{"line":7,"column":1},"end":{"line":22,"column":3}}},"fnMap":{"0":{"name":"(anonymous_0)","decl":{"start":{"line":6,"column":29},"end":{"line":6,"column":30}},"loc":{"start":{"line":6,"column":35},"end":{"line":23,"column":1}},"line":6}},"branchMap":{},"s":{"0":1,"1":1},"f":{"0":1},"b":{},"_coverageSchema":"43e27e138ebf9cfc5966b082cf9a028302ed4184","hash":"3085fb3879822b4e16d43113a5628eeb90250fdc"}
,"/Users/leonardo/Desktop/Projetos/test-app/src/components/modais/modalFormRememberMe.js": {"path":"/Users/leonardo/Desktop/Projetos/test-app/src/components/modais/modalFormRememberMe.js","statementMap":{"0":{"start":{"line":7,"column":26},"end":{"line":48,"column":1}},"1":{"start":{"line":8,"column":25},"end":{"line":8,"column":37}},"2":{"start":{"line":9,"column":27},"end":{"line":9,"column":39}},"3":{"start":{"line":11,"column":22},"end":{"line":17,"column":2}},"4":{"start":{"line":12,"column":15},"end":{"line":15,"column":3}},"5":{"start":{"line":16,"column":2},"end":{"line":16,"column":20}},"6":{"start":{"line":19,"column":1},"end":{"line":47,"column":3}},"7":{"start":{"line":27,"column":7},"end":{"line":27,"column":21}},"8":{"start":{"line":33,"column":7},"end":{"line":33,"column":22}},"9":{"start":{"line":39,"column":7},"end":{"line":39,"column":22}}},"fnMap":{"0":{"name":"(anonymous_0)","decl":{"start":{"line":7,"column":26},"end":{"line":7,"column":27}},"loc":{"start":{"line":7,"column":40},"end":{"line":48,"column":1}},"line":7},"1":{"name":"(anonymous_1)","decl":{"start":{"line":11,"column":22},"end":{"line":11,"column":23}},"loc":{"start":{"line":11,"column":28},"end":{"line":17,"column":2}},"line":11},"2":{"name":"(anonymous_2)","decl":{"start":{"line":26,"column":20},"end":{"line":26,"column":21}},"loc":{"start":{"line":26,"column":28},"end":{"line":28,"column":7}},"line":26},"3":{"name":"(anonymous_3)","decl":{"start":{"line":32,"column":20},"end":{"line":32,"column":21}},"loc":{"start":{"line":32,"column":28},"end":{"line":34,"column":7}},"line":32},"4":{"name":"(anonymous_4)","decl":{"start":{"line":38,"column":15},"end":{"line":38,"column":16}},"loc":{"start":{"line":38,"column":21},"end":{"line":40,"column":7}},"line":38}},"branchMap":{},"s":{"0":1,"1":0,"2":0,"3":0,"4":0,"5":0,"6":0,"7":0,"8":0,"9":0},"f":{"0":0,"1":0,"2":0,"3":0,"4":0},"b":{},"_coverageSchema":"43e27e138ebf9cfc5966b082cf9a028302ed4184","hash":"3a5fae230bc1dbba8f061e6e178dc59b20e191bd"}
,"/Users/leonardo/Desktop/Projetos/test-app/src/components/modais/style.js": {"path":"/Users/leonardo/Desktop/Projetos/test-app/src/components/modais/style.js","statementMap":{"0":{"start":{"line":3,"column":22},"end":{"line":9,"column":1}},"1":{"start":{"line":11,"column":27},"end":{"line":18,"column":1}}},"fnMap":{},"branchMap":{},"s":{"0":1,"1":1},"f":{},"b":{},"_coverageSchema":"43e27e138ebf9cfc5966b082cf9a028302ed4184","hash":"c9ec542b9213a1dada96f1cdfbe6bb311c5ce8a1"}
,"/Users/leonardo/Desktop/Projetos/test-app/src/utils/colors.js": {"path":"/Users/leonardo/Desktop/Projetos/test-app/src/utils/colors.js","statementMap":{"0":{"start":{"line":1,"column":15},"end":{"line":1,"column":24}},"1":{"start":{"line":2,"column":12},"end":{"line":2,"column":21}},"2":{"start":{"line":3,"column":13},"end":{"line":3,"column":22}},"3":{"start":{"line":4,"column":14},"end":{"line":4,"column":23}},"4":{"start":{"line":5,"column":18},"end":{"line":5,"column":27}},"5":{"start":{"line":6,"column":10},"end":{"line":6,"column":19}},"6":{"start":{"line":7,"column":9},"end":{"line":7,"column":18}},"7":{"start":{"line":8,"column":11},"end":{"line":8,"column":20}},"8":{"start":{"line":9,"column":11},"end":{"line":9,"column":20}},"9":{"start":{"line":10,"column":10},"end":{"line":10,"column":19}},"10":{"start":{"line":11,"column":9},"end":{"line":11,"column":15}}},"fnMap":{},"branchMap":{},"s":{"0":3,"1":3,"2":3,"3":3,"4":3,"5":3,"6":3,"7":3,"8":3,"9":3,"10":3},"f":{},"b":{},"_coverageSchema":"43e27e138ebf9cfc5966b082cf9a028302ed4184","hash":"4e784e24c562b732134b9881ab91dc62f93f82c0"}
,"/Users/leonardo/Desktop/Projetos/test-app/src/utils/style.js": {"path":"/Users/leonardo/Desktop/Projetos/test-app/src/utils/style.js","statementMap":{"0":{"start":{"line":4,"column":25},"end":{"line":7,"column":1}},"1":{"start":{"line":9,"column":31},"end":{"line":11,"column":1}},"2":{"start":{"line":13,"column":32},"end":{"line":15,"column":1}},"3":{"start":{"line":17,"column":32},"end":{"line":23,"column":1}},"4":{"start":{"line":25,"column":34},"end":{"line":32,"column":1}},"5":{"start":{"line":27,"column":24},"end":{"line":27,"column":56}},"6":{"start":{"line":34,"column":25},"end":{"line":40,"column":1}},"7":{"start":{"line":42,"column":25},"end":{"line":48,"column":1}}},"fnMap":{"0":{"name":"(anonymous_0)","decl":{"start":{"line":27,"column":14},"end":{"line":27,"column":15}},"loc":{"start":{"line":27,"column":24},"end":{"line":27,"column":56}},"line":27}},"branchMap":{"0":{"loc":{"start":{"line":27,"column":24},"end":{"line":27,"column":56}},"type":"cond-expr","locations":[{"start":{"line":27,"column":37},"end":{"line":27,"column":47}},{"start":{"line":27,"column":50},"end":{"line":27,"column":56}}],"line":27}},"s":{"0":2,"1":2,"2":2,"3":2,"4":2,"5":0,"6":2,"7":2},"f":{"0":0},"b":{"0":[0,0]},"_coverageSchema":"43e27e138ebf9cfc5966b082cf9a028302ed4184","hash":"2085fc911b3878c6594af80d8a220e8bd5d029ee"}
}
