TN:
SF:/Users/leonardo/Desktop/Projetos/test-app/src/assets/images/icon_success.png
FNF:0
FNH:0
DA:1,1
LF:1
LH:1
BRF:0
BRH:0
end_of_record
TN:
SF:/Users/leonardo/Desktop/Projetos/test-app/src/components/buttom/index.js
FN:4,(anonymous_0)
FNF:1
FNH:1
FNDA:1,(anonymous_0)
DA:4,2
DA:5,1
LF:2
LH:2
BRF:0
BRH:0
end_of_record
TN:
SF:/Users/leonardo/Desktop/Projetos/test-app/src/components/buttom/style.js
FN:6,(anonymous_0)
FN:9,(anonymous_1)
FN:10,(anonymous_2)
FN:20,(anonymous_3)
FNF:4
FNH:4
FNDA:1,(anonymous_0)
FNDA:1,(anonymous_1)
FNDA:1,(anonymous_2)
FNDA:1,(anonymous_3)
DA:4,2
DA:6,1
DA:9,1
DA:10,1
DA:14,2
DA:20,1
LF:6
LH:6
BRDA:6,0,0,0
BRDA:6,0,1,1
BRDA:9,1,0,0
BRDA:9,1,1,1
BRDA:10,2,0,0
BRDA:10,2,1,1
BRDA:20,3,0,0
BRDA:20,3,1,1
BRF:8
BRH:4
end_of_record
TN:
SF:/Users/leonardo/Desktop/Projetos/test-app/src/components/header/index.js
FN:5,(anonymous_0)
FNF:1
FNH:1
FNDA:1,(anonymous_0)
DA:5,1
DA:6,1
LF:2
LH:2
BRDA:8,0,0,1
BRDA:8,0,1,0
BRF:2
BRH:1
end_of_record
TN:
SF:/Users/leonardo/Desktop/Projetos/test-app/src/components/header/style.js
FNF:0
FNH:0
DA:3,1
DA:10,1
DA:19,1
LF:3
LH:3
BRF:0
BRH:0
end_of_record
TN:
SF:/Users/leonardo/Desktop/Projetos/test-app/src/components/modais/modalConfirmPurchase.js
FN:6,(anonymous_0)
FNF:1
FNH:1
FNDA:1,(anonymous_0)
DA:6,1
DA:7,1
LF:2
LH:2
BRF:0
BRH:0
end_of_record
TN:
SF:/Users/leonardo/Desktop/Projetos/test-app/src/components/modais/modalFormRememberMe.js
FN:7,(anonymous_0)
FN:11,(anonymous_1)
FN:26,(anonymous_2)
FN:32,(anonymous_3)
FN:38,(anonymous_4)
FNF:5
FNH:0
FNDA:0,(anonymous_0)
FNDA:0,(anonymous_1)
FNDA:0,(anonymous_2)
FNDA:0,(anonymous_3)
FNDA:0,(anonymous_4)
DA:7,1
DA:8,0
DA:9,0
DA:11,0
DA:12,0
DA:16,0
DA:19,0
DA:27,0
DA:33,0
DA:39,0
LF:10
LH:1
BRF:0
BRH:0
end_of_record
TN:
SF:/Users/leonardo/Desktop/Projetos/test-app/src/components/modais/style.js
FNF:0
FNH:0
DA:3,1
DA:11,1
LF:2
LH:2
BRF:0
BRH:0
end_of_record
TN:
SF:/Users/leonardo/Desktop/Projetos/test-app/src/utils/colors.js
FNF:0
FNH:0
DA:1,3
DA:2,3
DA:3,3
DA:4,3
DA:5,3
DA:6,3
DA:7,3
DA:8,3
DA:9,3
DA:10,3
DA:11,3
LF:11
LH:11
BRF:0
BRH:0
end_of_record
TN:
SF:/Users/leonardo/Desktop/Projetos/test-app/src/utils/style.js
FN:27,(anonymous_0)
FNF:1
FNH:0
FNDA:0,(anonymous_0)
DA:4,2
DA:9,2
DA:13,2
DA:17,2
DA:25,2
DA:27,0
DA:34,2
DA:42,2
LF:8
LH:7
BRDA:27,0,0,0
BRDA:27,0,1,0
BRF:2
BRH:0
end_of_record
